<?xml version="1.0" encoding="UTF-8"?>
<coverage generated="1788104073369" clover="3.2.0">
  <project timestamp="1788104073370" name="All files">
    <metrics statements="87" coveredstatements="66" conditionals="51" coveredconditionals="39" methods="32" coveredmethods="22" elements="170" coveredelements="127" complexity="0" loc="87" ncloc="87" packages="1" files="1" classes="1"/>
    <file name="recordStore.js" path="C:\Users\norma\bernal-module7-system\src\stores\recordStore.js">
      <metrics statements="87" coveredstatements="66" conditionals="51" coveredconditionals="39" methods="32" coveredmethods="22"/>
      <line num="22" count="1" type="stmt"/>
      <line num="24" count="1" type="stmt"/>
      <line num="28" count="12" type="stmt"/>
      <line num="29" count="12" type="stmt"/>
      <line num="30" count="12" type="stmt"/>
      <line num="31" count="12" type="stmt"/>
      <line num="36" count="12" type="stmt"/>
      <line num="38" count="12" type="stmt"/>
      <line num="40" count="12" type="stmt"/>
      <line num="42" count="12" type="stmt"/>
      <line num="43" count="0" type="cond" truecount="0" falsecount="2"/>
      <line num="44" count="0" type="stmt"/>
      <line num="48" count="12" type="stmt"/>
      <line num="49" count="0" type="stmt"/>
      <line num="52" count="12" type="stmt"/>
      <line num="53" count="2" type="cond" truecount="4" falsecount="0"/>
      <line num="54" count="1" type="stmt"/>
      <line num="56" count="1" type="stmt"/>
      <line num="57" count="1" type="stmt"/>
      <line num="58" count="3" type="cond" truecount="3" falsecount="0"/>
      <line num="64" count="12" type="stmt"/>
      <line num="65" count="2" type="stmt"/>
      <line num="68" count="12" type="stmt"/>
      <line num="69" count="2" type="stmt"/>
      <line num="72" count="12" type="stmt"/>
      <line num="73" count="1" type="stmt"/>
      <line num="80" count="0" type="stmt"/>
      <line num="81" count="0" type="cond" truecount="0" falsecount="2"/>
      <line num="82" count="0" type="stmt"/>
      <line num="83" count="0" type="stmt"/>
      <line num="85" count="0" type="stmt"/>
      <line num="91" count="14" type="stmt"/>
      <line num="98" count="14" type="stmt"/>
      <line num="99" count="14" type="stmt"/>
      <line num="100" count="0" type="stmt"/>
      <line num="108" count="16" type="cond" truecount="4" falsecount="0"/>
      <line num="109" count="1" type="stmt"/>
      <line num="111" count="15" type="cond" truecount="1" falsecount="1"/>
      <line num="112" count="0" type="stmt"/>
      <line num="114" count="15" type="cond" truecount="3" falsecount="1"/>
      <line num="115" count="0" type="stmt"/>
      <line num="117" count="15" type="cond" truecount="3" falsecount="1"/>
      <line num="118" count="0" type="stmt"/>
      <line num="120" count="15" type="cond" truecount="3" falsecount="1"/>
      <line num="121" count="0" type="stmt"/>
      <line num="123" count="15" type="cond" truecount="2" falsecount="0"/>
      <line num="124" count="1" type="stmt"/>
      <line num="126" count="14" type="cond" truecount="3" falsecount="1"/>
      <line num="127" count="0" type="stmt"/>
      <line num="129" count="14" type="cond" truecount="1" falsecount="1"/>
      <line num="130" count="0" type="stmt"/>
      <line num="133" count="14" type="stmt"/>
      <line num="134" count="7" type="cond" truecount="2" falsecount="0"/>
      <line num="137" count="14" type="cond" truecount="2" falsecount="0"/>
      <line num="138" count="1" type="stmt"/>
      <line num="146" count="13" type="cond" truecount="1" falsecount="1"/>
      <line num="147" count="13" type="cond" truecount="2" falsecount="0"/>
      <line num="148" count="9" type="stmt"/>
      <line num="155" count="15" type="stmt"/>
      <line num="157" count="15" type="stmt"/>
      <line num="167" count="15" type="stmt"/>
      <line num="168" count="15" type="stmt"/>
      <line num="169" count="15" type="stmt"/>
      <line num="170" count="15" type="stmt"/>
      <line num="177" count="0" type="stmt"/>
      <line num="184" count="0" type="stmt"/>
      <line num="191" count="2" type="stmt"/>
      <line num="192" count="2" type="cond" truecount="2" falsecount="0"/>
      <line num="193" count="1" type="stmt"/>
      <line num="196" count="1" type="stmt"/>
      <line num="198" count="1" type="stmt"/>
      <line num="203" count="1" type="stmt"/>
      <line num="204" count="1" type="stmt"/>
      <line num="205" count="1" type="stmt"/>
      <line num="206" count="1" type="stmt"/>
      <line num="218" count="2" type="stmt"/>
      <line num="219" count="2" type="cond" truecount="2" falsecount="0"/>
      <line num="220" count="1" type="stmt"/>
      <line num="222" count="1" type="stmt"/>
      <line num="223" count="1" type="stmt"/>
      <line num="224" count="1" type="stmt"/>
      <line num="231" count="2" type="stmt"/>
      <line num="238" count="0" type="stmt"/>
      <line num="239" count="0" type="stmt"/>
      <line num="240" count="0" type="stmt"/>
      <line num="241" count="0" type="stmt"/>
      <line num="247" count="12" type="stmt"/>
    </file>
  </project>
</coverage>
