{"C:\\Users\\norma\\bernal-module7-system\\src\\stores\\recordStore.js": {"path":"C:\\Users\\norma\\bernal-module7-system\\src\\stores\\recordStore.js","statementMap":{"0":{"start":{"line":22,"column":20},"end":{"line":22,"column":41}},"1":{"start":{"line":24,"column":30},"end":{"line":275,"column":null}},"2":{"start":{"line":28,"column":19},"end":{"line":28,"column":26}},"3":{"start":{"line":29,"column":20},"end":{"line":29,"column":29}},"4":{"start":{"line":30,"column":19},"end":{"line":30,"column":49}},"5":{"start":{"line":31,"column":22},"end":{"line":31,"column":29}},"6":{"start":{"line":36,"column":22},"end":{"line":36,"column":52}},"7":{"start":{"line":36,"column":37},"end":{"line":36,"column":51}},"8":{"start":{"line":38,"column":23},"end":{"line":38,"column":60}},"9":{"start":{"line":38,"column":38},"end":{"line":38,"column":59}},"10":{"start":{"line":40,"column":18},"end":{"line":40,"column":61}},"11":{"start":{"line":40,"column":33},"end":{"line":40,"column":60}},"12":{"start":{"line":42,"column":25},"end":{"line":46,"column":4}},"13":{"start":{"line":43,"column":4},"end":{"line":45,"column":12}},"14":{"start":{"line":44,"column":33},"end":{"line":44,"column":57}},"15":{"start":{"line":48,"column":29},"end":{"line":50,"column":4}},"16":{"start":{"line":49,"column":4},"end":{"line":49,"column":61}},"17":{"start":{"line":49,"column":35},"end":{"line":49,"column":60}},"18":{"start":{"line":52,"column":27},"end":{"line":62,"column":4}},"19":{"start":{"line":53,"column":4},"end":{"line":55,"column":5}},"20":{"start":{"line":54,"column":6},"end":{"line":54,"column":27}},"21":{"start":{"line":56,"column":14},"end":{"line":56,"column":52}},"22":{"start":{"line":57,"column":4},"end":{"line":61,"column":5}},"23":{"start":{"line":58,"column":6},"end":{"line":60,"column":42}},"24":{"start":{"line":64,"column":23},"end":{"line":66,"column":3}},"25":{"start":{"line":65,"column":4},"end":{"line":65,"column":62}},"26":{"start":{"line":65,"column":31},"end":{"line":65,"column":54}},"27":{"start":{"line":68,"column":24},"end":{"line":70,"column":3}},"28":{"start":{"line":69,"column":4},"end":{"line":69,"column":63}},"29":{"start":{"line":69,"column":31},"end":{"line":69,"column":55}},"30":{"start":{"line":72,"column":26},"end":{"line":74,"column":3}},"31":{"start":{"line":73,"column":4},"end":{"line":73,"column":66}},"32":{"start":{"line":73,"column":31},"end":{"line":73,"column":58}},"33":{"start":{"line":80,"column":18},"end":{"line":80,"column":51}},"34":{"start":{"line":81,"column":4},"end":{"line":87,"column":5}},"35":{"start":{"line":82,"column":6},"end":{"line":86,"column":7}},"36":{"start":{"line":83,"column":8},"end":{"line":83,"column":42}},"37":{"start":{"line":85,"column":8},"end":{"line":85,"column":27}},"38":{"start":{"line":91,"column":4},"end":{"line":91,"column":69}},"39":{"start":{"line":98,"column":4},"end":{"line":98,"column":38}},"40":{"start":{"line":99,"column":4},"end":{"line":101,"column":12}},"41":{"start":{"line":100,"column":6},"end":{"line":100,"column":48}},"42":{"start":{"line":108,"column":4},"end":{"line":110,"column":5}},"43":{"start":{"line":109,"column":6},"end":{"line":109,"column":49}},"44":{"start":{"line":111,"column":4},"end":{"line":113,"column":5}},"45":{"start":{"line":112,"column":6},"end":{"line":112,"column":67}},"46":{"start":{"line":114,"column":4},"end":{"line":116,"column":5}},"47":{"start":{"line":115,"column":6},"end":{"line":115,"column":47}},"48":{"start":{"line":117,"column":4},"end":{"line":119,"column":5}},"49":{"start":{"line":118,"column":6},"end":{"line":118,"column":45}},"50":{"start":{"line":120,"column":4},"end":{"line":122,"column":5}},"51":{"start":{"line":121,"column":6},"end":{"line":121,"column":50}},"52":{"start":{"line":123,"column":4},"end":{"line":125,"column":5}},"53":{"start":{"line":124,"column":6},"end":{"line":124,"column":52}},"54":{"start":{"line":126,"column":4},"end":{"line":128,"column":5}},"55":{"start":{"line":127,"column":6},"end":{"line":127,"column":47}},"56":{"start":{"line":129,"column":4},"end":{"line":131,"column":5}},"57":{"start":{"line":130,"column":6},"end":{"line":130,"column":49}},"58":{"start":{"line":133,"column":16},"end":{"line":136,"column":5}},"59":{"start":{"line":134,"column":6},"end":{"line":135,"column":25}},"60":{"start":{"line":137,"column":4},"end":{"line":139,"column":5}},"61":{"start":{"line":138,"column":6},"end":{"line":138,"column":50}},"62":{"start":{"line":146,"column":4},"end":{"line":146,"column":40}},"63":{"start":{"line":146,"column":19},"end":{"line":146,"column":40}},"64":{"start":{"line":147,"column":4},"end":{"line":147,"column":36}},"65":{"start":{"line":147,"column":18},"end":{"line":147,"column":36}},"66":{"start":{"line":148,"column":4},"end":{"line":148,"column":21}},"67":{"start":{"line":155,"column":4},"end":{"line":155,"column":31}},"68":{"start":{"line":157,"column":20},"end":{"line":165,"column":5}},"69":{"start":{"line":167,"column":4},"end":{"line":167,"column":32}},"70":{"start":{"line":168,"column":4},"end":{"line":168,"column":19}},"71":{"start":{"line":169,"column":4},"end":{"line":169,"column":57}},"72":{"start":{"line":170,"column":4},"end":{"line":170,"column":18}},"73":{"start":{"line":177,"column":4},"end":{"line":177,"column":32}},"74":{"start":{"line":184,"column":4},"end":{"line":184,"column":26}},"75":{"start":{"line":191,"column":16},"end":{"line":191,"column":73}},"76":{"start":{"line":191,"column":46},"end":{"line":191,"column":72}},"77":{"start":{"line":192,"column":4},"end":{"line":194,"column":5}},"78":{"start":{"line":193,"column":6},"end":{"line":193,"column":42}},"79":{"start":{"line":196,"column":4},"end":{"line":196,"column":41}},"80":{"start":{"line":198,"column":4},"end":{"line":201,"column":5}},"81":{"start":{"line":203,"column":4},"end":{"line":203,"column":19}},"82":{"start":{"line":204,"column":4},"end":{"line":204,"column":59}},"83":{"start":{"line":205,"column":4},"end":{"line":205,"column":26}},"84":{"start":{"line":206,"column":4},"end":{"line":206,"column":30}},"85":{"start":{"line":218,"column":16},"end":{"line":218,"column":58}},"86":{"start":{"line":218,"column":46},"end":{"line":218,"column":57}},"87":{"start":{"line":219,"column":4},"end":{"line":221,"column":5}},"88":{"start":{"line":220,"column":6},"end":{"line":220,"column":42}},"89":{"start":{"line":222,"column":4},"end":{"line":222,"column":33}},"90":{"start":{"line":223,"column":4},"end":{"line":223,"column":19}},"91":{"start":{"line":224,"column":4},"end":{"line":224,"column":59}},"92":{"start":{"line":231,"column":4},"end":{"line":231,"column":29}},"93":{"start":{"line":238,"column":4},"end":{"line":238,"column":29}},"94":{"start":{"line":239,"column":4},"end":{"line":239,"column":26}},"95":{"start":{"line":240,"column":4},"end":{"line":240,"column":46}},"96":{"start":{"line":241,"column":4},"end":{"line":241,"column":26}},"97":{"start":{"line":247,"column":2},"end":{"line":274,"column":3}}},"fnMap":{"0":{"name":"(anonymous_0)","decl":{"start":{"line":24,"column":55},"end":{"line":24,"column":56}},"loc":{"start":{"line":24,"column":61},"end":{"line":275,"column":1}},"line":24},"1":{"name":"(anonymous_1)","decl":{"start":{"line":36,"column":31},"end":{"line":36,"column":32}},"loc":{"start":{"line":36,"column":37},"end":{"line":36,"column":51}},"line":36},"2":{"name":"(anonymous_2)","decl":{"start":{"line":38,"column":32},"end":{"line":38,"column":33}},"loc":{"start":{"line":38,"column":38},"end":{"line":38,"column":59}},"line":38},"3":{"name":"(anonymous_3)","decl":{"start":{"line":40,"column":27},"end":{"line":40,"column":28}},"loc":{"start":{"line":40,"column":33},"end":{"line":40,"column":60}},"line":40},"4":{"name":"(anonymous_4)","decl":{"start":{"line":42,"column":34},"end":{"line":42,"column":35}},"loc":{"start":{"line":42,"column":40},"end":{"line":46,"column":3}},"line":42},"5":{"name":"(anonymous_5)","decl":{"start":{"line":44,"column":28},"end":{"line":44,"column":29}},"loc":{"start":{"line":44,"column":33},"end":{"line":44,"column":57}},"line":44},"6":{"name":"(anonymous_6)","decl":{"start":{"line":48,"column":38},"end":{"line":48,"column":39}},"loc":{"start":{"line":48,"column":44},"end":{"line":50,"column":3}},"line":48},"7":{"name":"(anonymous_7)","decl":{"start":{"line":49,"column":30},"end":{"line":49,"column":31}},"loc":{"start":{"line":49,"column":35},"end":{"line":49,"column":60}},"line":49},"8":{"name":"(anonymous_8)","decl":{"start":{"line":52,"column":36},"end":{"line":52,"column":37}},"loc":{"start":{"line":52,"column":42},"end":{"line":62,"column":3}},"line":52},"9":{"name":"(anonymous_9)","decl":{"start":{"line":57,"column":33},"end":{"line":57,"column":34}},"loc":{"start":{"line":58,"column":6},"end":{"line":60,"column":42}},"line":58},"10":{"name":"(anonymous_10)","decl":{"start":{"line":64,"column":32},"end":{"line":64,"column":33}},"loc":{"start":{"line":65,"column":4},"end":{"line":65,"column":62}},"line":65},"11":{"name":"(anonymous_11)","decl":{"start":{"line":65,"column":26},"end":{"line":65,"column":27}},"loc":{"start":{"line":65,"column":31},"end":{"line":65,"column":54}},"line":65},"12":{"name":"(anonymous_12)","decl":{"start":{"line":68,"column":33},"end":{"line":68,"column":34}},"loc":{"start":{"line":69,"column":4},"end":{"line":69,"column":63}},"line":69},"13":{"name":"(anonymous_13)","decl":{"start":{"line":69,"column":26},"end":{"line":69,"column":27}},"loc":{"start":{"line":69,"column":31},"end":{"line":69,"column":55}},"line":69},"14":{"name":"(anonymous_14)","decl":{"start":{"line":72,"column":35},"end":{"line":72,"column":36}},"loc":{"start":{"line":73,"column":4},"end":{"line":73,"column":66}},"line":73},"15":{"name":"(anonymous_15)","decl":{"start":{"line":73,"column":26},"end":{"line":73,"column":27}},"loc":{"start":{"line":73,"column":31},"end":{"line":73,"column":58}},"line":73},"16":{"name":"loadFromStorage","decl":{"start":{"line":79,"column":11},"end":{"line":79,"column":26}},"loc":{"start":{"line":79,"column":29},"end":{"line":88,"column":3}},"line":79},"17":{"name":"saveToStorage","decl":{"start":{"line":90,"column":11},"end":{"line":90,"column":24}},"loc":{"start":{"line":90,"column":27},"end":{"line":92,"column":3}},"line":90},"18":{"name":"showFeedback","decl":{"start":{"line":97,"column":11},"end":{"line":97,"column":23}},"loc":{"start":{"line":97,"column":39},"end":{"line":102,"column":3}},"line":97},"19":{"name":"(anonymous_19)","decl":{"start":{"line":99,"column":15},"end":{"line":99,"column":16}},"loc":{"start":{"line":99,"column":21},"end":{"line":101,"column":5}},"line":99},"20":{"name":"validateProduct","decl":{"start":{"line":107,"column":11},"end":{"line":107,"column":26}},"loc":{"start":{"line":107,"column":54},"end":{"line":140,"column":3}},"line":107},"21":{"name":"(anonymous_21)","decl":{"start":{"line":133,"column":36},"end":{"line":133,"column":37}},"loc":{"start":{"line":134,"column":6},"end":{"line":135,"column":25}},"line":134},"22":{"name":"computeStatus","decl":{"start":{"line":145,"column":11},"end":{"line":145,"column":24}},"loc":{"start":{"line":145,"column":30},"end":{"line":149,"column":3}},"line":145},"23":{"name":"addProduct","decl":{"start":{"line":154,"column":11},"end":{"line":154,"column":21}},"loc":{"start":{"line":154,"column":34},"end":{"line":171,"column":3}},"line":154},"24":{"name":"startEdit","decl":{"start":{"line":176,"column":11},"end":{"line":176,"column":20}},"loc":{"start":{"line":176,"column":30},"end":{"line":178,"column":3}},"line":176},"25":{"name":"cancelEdit","decl":{"start":{"line":183,"column":11},"end":{"line":183,"column":21}},"loc":{"start":{"line":183,"column":24},"end":{"line":185,"column":3}},"line":183},"26":{"name":"updateProduct","decl":{"start":{"line":190,"column":11},"end":{"line":190,"column":24}},"loc":{"start":{"line":190,"column":41},"end":{"line":207,"column":3}},"line":190},"27":{"name":"(anonymous_27)","decl":{"start":{"line":191,"column":41},"end":{"line":191,"column":42}},"loc":{"start":{"line":191,"column":46},"end":{"line":191,"column":72}},"line":191},"28":{"name":"deleteProduct","decl":{"start":{"line":217,"column":11},"end":{"line":217,"column":24}},"loc":{"start":{"line":217,"column":29},"end":{"line":225,"column":3}},"line":217},"29":{"name":"(anonymous_29)","decl":{"start":{"line":218,"column":41},"end":{"line":218,"column":42}},"loc":{"start":{"line":218,"column":46},"end":{"line":218,"column":57}},"line":218},"30":{"name":"setSearchQuery","decl":{"start":{"line":230,"column":11},"end":{"line":230,"column":25}},"loc":{"start":{"line":230,"column":33},"end":{"line":232,"column":3}},"line":230},"31":{"name":"resetStore","decl":{"start":{"line":237,"column":11},"end":{"line":237,"column":21}},"loc":{"start":{"line":237,"column":37},"end":{"line":242,"column":3}},"line":237}},"branchMap":{"0":{"loc":{"start":{"line":43,"column":11},"end":{"line":45,"column":12}},"type":"cond-expr","locations":[{"start":{"line":44,"column":8},"end":{"line":44,"column":58}},{"start":{"line":45,"column":8},"end":{"line":45,"column":12}}],"line":43},"1":{"loc":{"start":{"line":53,"column":4},"end":{"line":55,"column":5}},"type":"if","locations":[{"start":{"line":53,"column":4},"end":{"line":55,"column":5}},{"start":{},"end":{}}],"line":53},"2":{"loc":{"start":{"line":53,"column":8},"end":{"line":53,"column":61}},"type":"binary-expr","locations":[{"start":{"line":53,"column":8},"end":{"line":53,"column":26}},{"start":{"line":53,"column":30},"end":{"line":53,"column":61}}],"line":53},"3":{"loc":{"start":{"line":58,"column":6},"end":{"line":60,"column":42}},"type":"binary-expr","locations":[{"start":{"line":58,"column":6},"end":{"line":58,"column":38}},{"start":{"line":59,"column":6},"end":{"line":59,"column":43}},{"start":{"line":60,"column":6},"end":{"line":60,"column":42}}],"line":58},"4":{"loc":{"start":{"line":81,"column":4},"end":{"line":87,"column":5}},"type":"if","locations":[{"start":{"line":81,"column":4},"end":{"line":87,"column":5}},{"start":{},"end":{}}],"line":81},"5":{"loc":{"start":{"line":107,"column":36},"end":{"line":107,"column":52}},"type":"default-arg","locations":[{"start":{"line":107,"column":47},"end":{"line":107,"column":52}}],"line":107},"6":{"loc":{"start":{"line":108,"column":4},"end":{"line":110,"column":5}},"type":"if","locations":[{"start":{"line":108,"column":4},"end":{"line":110,"column":5}},{"start":{},"end":{}}],"line":108},"7":{"loc":{"start":{"line":108,"column":8},"end":{"line":108,"column":51}},"type":"binary-expr","locations":[{"start":{"line":108,"column":8},"end":{"line":108,"column":21}},{"start":{"line":108,"column":25},"end":{"line":108,"column":51}}],"line":108},"8":{"loc":{"start":{"line":111,"column":4},"end":{"line":113,"column":5}},"type":"if","locations":[{"start":{"line":111,"column":4},"end":{"line":113,"column":5}},{"start":{},"end":{}}],"line":111},"9":{"loc":{"start":{"line":114,"column":4},"end":{"line":116,"column":5}},"type":"if","locations":[{"start":{"line":114,"column":4},"end":{"line":116,"column":5}},{"start":{},"end":{}}],"line":114},"10":{"loc":{"start":{"line":114,"column":8},"end":{"line":114,"column":61}},"type":"binary-expr","locations":[{"start":{"line":114,"column":8},"end":{"line":114,"column":26}},{"start":{"line":114,"column":30},"end":{"line":114,"column":61}}],"line":114},"11":{"loc":{"start":{"line":117,"column":4},"end":{"line":119,"column":5}},"type":"if","locations":[{"start":{"line":117,"column":4},"end":{"line":119,"column":5}},{"start":{},"end":{}}],"line":117},"12":{"loc":{"start":{"line":117,"column":8},"end":{"line":117,"column":59}},"type":"binary-expr","locations":[{"start":{"line":117,"column":8},"end":{"line":117,"column":25}},{"start":{"line":117,"column":29},"end":{"line":117,"column":59}}],"line":117},"13":{"loc":{"start":{"line":120,"column":4},"end":{"line":122,"column":5}},"type":"if","locations":[{"start":{"line":120,"column":4},"end":{"line":122,"column":5}},{"start":{},"end":{}}],"line":120},"14":{"loc":{"start":{"line":120,"column":8},"end":{"line":120,"column":61}},"type":"binary-expr","locations":[{"start":{"line":120,"column":8},"end":{"line":120,"column":39}},{"start":{"line":120,"column":43},"end":{"line":120,"column":61}}],"line":120},"15":{"loc":{"start":{"line":123,"column":4},"end":{"line":125,"column":5}},"type":"if","locations":[{"start":{"line":123,"column":4},"end":{"line":125,"column":5}},{"start":{},"end":{}}],"line":123},"16":{"loc":{"start":{"line":126,"column":4},"end":{"line":128,"column":5}},"type":"if","locations":[{"start":{"line":126,"column":4},"end":{"line":128,"column":5}},{"start":{},"end":{}}],"line":126},"17":{"loc":{"start":{"line":126,"column":8},"end":{"line":126,"column":65}},"type":"binary-expr","locations":[{"start":{"line":126,"column":8},"end":{"line":126,"column":41}},{"start":{"line":126,"column":45},"end":{"line":126,"column":65}}],"line":126},"18":{"loc":{"start":{"line":129,"column":4},"end":{"line":131,"column":5}},"type":"if","locations":[{"start":{"line":129,"column":4},"end":{"line":131,"column":5}},{"start":{},"end":{}}],"line":129},"19":{"loc":{"start":{"line":134,"column":6},"end":{"line":135,"column":25}},"type":"binary-expr","locations":[{"start":{"line":134,"column":6},"end":{"line":134,"column":67}},{"start":{"line":135,"column":6},"end":{"line":135,"column":25}}],"line":134},"20":{"loc":{"start":{"line":137,"column":4},"end":{"line":139,"column":5}},"type":"if","locations":[{"start":{"line":137,"column":4},"end":{"line":139,"column":5}},{"start":{},"end":{}}],"line":137},"21":{"loc":{"start":{"line":146,"column":4},"end":{"line":146,"column":40}},"type":"if","locations":[{"start":{"line":146,"column":4},"end":{"line":146,"column":40}},{"start":{},"end":{}}],"line":146},"22":{"loc":{"start":{"line":147,"column":4},"end":{"line":147,"column":36}},"type":"if","locations":[{"start":{"line":147,"column":4},"end":{"line":147,"column":36}},{"start":{},"end":{}}],"line":147},"23":{"loc":{"start":{"line":192,"column":4},"end":{"line":194,"column":5}},"type":"if","locations":[{"start":{"line":192,"column":4},"end":{"line":194,"column":5}},{"start":{},"end":{}}],"line":192},"24":{"loc":{"start":{"line":219,"column":4},"end":{"line":221,"column":5}},"type":"if","locations":[{"start":{"line":219,"column":4},"end":{"line":221,"column":5}},{"start":{},"end":{}}],"line":219},"25":{"loc":{"start":{"line":237,"column":22},"end":{"line":237,"column":35}},"type":"default-arg","locations":[{"start":{"line":237,"column":33},"end":{"line":237,"column":35}}],"line":237}},"s":{"0":1,"1":1,"2":12,"3":12,"4":12,"5":12,"6":12,"7":4,"8":12,"9":7,"10":12,"11":1,"12":12,"13":0,"14":0,"15":12,"16":0,"17":0,"18":12,"19":2,"20":1,"21":1,"22":1,"23":3,"24":12,"25":2,"26":2,"27":12,"28":2,"29":2,"30":12,"31":1,"32":0,"33":0,"34":0,"35":0,"36":0,"37":0,"38":14,"39":14,"40":14,"41":0,"42":16,"43":1,"44":15,"45":0,"46":15,"47":0,"48":15,"49":0,"50":15,"51":0,"52":15,"53":1,"54":14,"55":0,"56":14,"57":0,"58":14,"59":7,"60":14,"61":1,"62":13,"63":0,"64":13,"65":4,"66":9,"67":15,"68":15,"69":15,"70":15,"71":15,"72":15,"73":0,"74":0,"75":2,"76":1,"77":2,"78":1,"79":1,"80":1,"81":1,"82":1,"83":1,"84":1,"85":2,"86":2,"87":2,"88":1,"89":1,"90":1,"91":1,"92":2,"93":0,"94":0,"95":0,"96":0,"97":12},"f":{"0":12,"1":4,"2":7,"3":1,"4":0,"5":0,"6":0,"7":0,"8":2,"9":3,"10":2,"11":2,"12":2,"13":2,"14":1,"15":0,"16":0,"17":14,"18":14,"19":0,"20":16,"21":7,"22":13,"23":15,"24":0,"25":0,"26":2,"27":1,"28":2,"29":2,"30":2,"31":0},"b":{"0":[0,0],"1":[1,1],"2":[2,1],"3":[3,2,2],"4":[0,0],"5":[16],"6":[1,15],"7":[16,15],"8":[0,15],"9":[0,15],"10":[15,15],"11":[0,15],"12":[15,15],"13":[0,15],"14":[15,15],"15":[1,14],"16":[0,14],"17":[14,14],"18":[0,14],"19":[7,2],"20":[1,13],"21":[0,13],"22":[4,9],"23":[1,1],"24":[1,1],"25":[0]},"meta":{"lastBranch":26,"lastFunction":32,"lastStatement":98,"seen":{"s:22:20:22:41":0,"s:24:30:275:Infinity":1,"f:24:55:24:56":0,"s:28:19:28:26":2,"s:29:20:29:29":3,"s:30:19:30:49":4,"s:31:22:31:29":5,"s:36:22:36:52":6,"f:36:31:36:32":1,"s:36:37:36:51":7,"s:38:23:38:60":8,"f:38:32:38:33":2,"s:38:38:38:59":9,"s:40:18:40:61":10,"f:40:27:40:28":3,"s:40:33:40:60":11,"s:42:25:46:4":12,"f:42:34:42:35":4,"s:43:4:45:12":13,"b:44:8:44:58:45:8:45:12":0,"f:44:28:44:29":5,"s:44:33:44:57":14,"s:48:29:50:4":15,"f:48:38:48:39":6,"s:49:4:49:61":16,"f:49:30:49:31":7,"s:49:35:49:60":17,"s:52:27:62:4":18,"f:52:36:52:37":8,"b:53:4:55:5:undefined:undefined:undefined:undefined":1,"s:53:4:55:5":19,"b:53:8:53:26:53:30:53:61":2,"s:54:6:54:27":20,"s:56:14:56:52":21,"s:57:4:61:5":22,"f:57:33:57:34":9,"s:58:6:60:42":23,"b:58:6:58:38:59:6:59:43:60:6:60:42":3,"s:64:23:66:3":24,"f:64:32:64:33":10,"s:65:4:65:62":25,"f:65:26:65:27":11,"s:65:31:65:54":26,"s:68:24:70:3":27,"f:68:33:68:34":12,"s:69:4:69:63":28,"f:69:26:69:27":13,"s:69:31:69:55":29,"s:72:26:74:3":30,"f:72:35:72:36":14,"s:73:4:73:66":31,"f:73:26:73:27":15,"s:73:31:73:58":32,"f:79:11:79:26":16,"s:80:18:80:51":33,"b:81:4:87:5:undefined:undefined:undefined:undefined":4,"s:81:4:87:5":34,"s:82:6:86:7":35,"s:83:8:83:42":36,"s:85:8:85:27":37,"f:90:11:90:24":17,"s:91:4:91:69":38,"f:97:11:97:23":18,"s:98:4:98:38":39,"s:99:4:101:12":40,"f:99:15:99:16":19,"s:100:6:100:48":41,"f:107:11:107:26":20,"b:107:47:107:52":5,"b:108:4:110:5:undefined:undefined:undefined:undefined":6,"s:108:4:110:5":42,"b:108:8:108:21:108:25:108:51":7,"s:109:6:109:49":43,"b:111:4:113:5:undefined:undefined:undefined:undefined":8,"s:111:4:113:5":44,"s:112:6:112:67":45,"b:114:4:116:5:undefined:undefined:undefined:undefined":9,"s:114:4:116:5":46,"b:114:8:114:26:114:30:114:61":10,"s:115:6:115:47":47,"b:117:4:119:5:undefined:undefined:undefined:undefined":11,"s:117:4:119:5":48,"b:117:8:117:25:117:29:117:59":12,"s:118:6:118:45":49,"b:120:4:122:5:undefined:undefined:undefined:undefined":13,"s:120:4:122:5":50,"b:120:8:120:39:120:43:120:61":14,"s:121:6:121:50":51,"b:123:4:125:5:undefined:undefined:undefined:undefined":15,"s:123:4:125:5":52,"s:124:6:124:52":53,"b:126:4:128:5:undefined:undefined:undefined:undefined":16,"s:126:4:128:5":54,"b:126:8:126:41:126:45:126:65":17,"s:127:6:127:47":55,"b:129:4:131:5:undefined:undefined:undefined:undefined":18,"s:129:4:131:5":56,"s:130:6:130:49":57,"s:133:16:136:5":58,"f:133:36:133:37":21,"s:134:6:135:25":59,"b:134:6:134:67:135:6:135:25":19,"b:137:4:139:5:undefined:undefined:undefined:undefined":20,"s:137:4:139:5":60,"s:138:6:138:50":61,"f:145:11:145:24":22,"b:146:4:146:40:undefined:undefined:undefined:undefined":21,"s:146:4:146:40":62,"s:146:19:146:40":63,"b:147:4:147:36:undefined:undefined:undefined:undefined":22,"s:147:4:147:36":64,"s:147:18:147:36":65,"s:148:4:148:21":66,"f:154:11:154:21":23,"s:155:4:155:31":67,"s:157:20:165:5":68,"s:167:4:167:32":69,"s:168:4:168:19":70,"s:169:4:169:57":71,"s:170:4:170:18":72,"f:176:11:176:20":24,"s:177:4:177:32":73,"f:183:11:183:21":25,"s:184:4:184:26":74,"f:190:11:190:24":26,"s:191:16:191:73":75,"f:191:41:191:42":27,"s:191:46:191:72":76,"b:192:4:194:5:undefined:undefined:undefined:undefined":23,"s:192:4:194:5":77,"s:193:6:193:42":78,"s:196:4:196:41":79,"s:198:4:201:5":80,"s:203:4:203:19":81,"s:204:4:204:59":82,"s:205:4:205:26":83,"s:206:4:206:30":84,"f:217:11:217:24":28,"s:218:16:218:58":85,"f:218:41:218:42":29,"s:218:46:218:57":86,"b:219:4:221:5:undefined:undefined:undefined:undefined":24,"s:219:4:221:5":87,"s:220:6:220:42":88,"s:222:4:222:33":89,"s:223:4:223:19":90,"s:224:4:224:59":91,"f:230:11:230:25":30,"s:231:4:231:29":92,"f:237:11:237:21":31,"b:237:33:237:35":25,"s:238:4:238:29":93,"s:239:4:239:26":94,"s:240:4:240:46":95,"s:241:4:241:26":96,"s:247:2:274:3":97},"fnNames":{}}}
}
